2024-05-27 20:30:51,998   INFO  **********************Start logging**********************
2024-05-27 20:30:51,998   INFO  CUDA_VISIBLE_DEVICES=ALL
2024-05-27 20:30:51,999   INFO  Training in distributed mode : total_batch_size: 4
2024-05-27 20:30:51,999   INFO  cfg_file         ./cfgs/nuscenes_models/cbgs_voxel0075_voxelnext.yaml
2024-05-27 20:30:51,999   INFO  batch_size       4
2024-05-27 20:30:51,999   INFO  epochs           20
2024-05-27 20:30:51,999   INFO  workers          4
2024-05-27 20:30:51,999   INFO  extra_tag        default
2024-05-27 20:30:51,999   INFO  ckpt             None
2024-05-27 20:30:51,999   INFO  pretrained_model None
2024-05-27 20:30:51,999   INFO  launcher         pytorch
2024-05-27 20:30:51,999   INFO  tcp_port         18888
2024-05-27 20:30:51,999   INFO  sync_bn          False
2024-05-27 20:30:51,999   INFO  fix_random_seed  False
2024-05-27 20:30:51,999   INFO  ckpt_save_interval 1
2024-05-27 20:30:51,999   INFO  local_rank       0
2024-05-27 20:30:51,999   INFO  max_ckpt_save_num 30
2024-05-27 20:30:51,999   INFO  merge_all_iters_to_one_epoch False
2024-05-27 20:30:51,999   INFO  set_cfgs         None
2024-05-27 20:30:51,999   INFO  max_waiting_mins 0
2024-05-27 20:30:51,999   INFO  start_epoch      0
2024-05-27 20:30:51,999   INFO  num_epochs_to_eval 0
2024-05-27 20:30:51,999   INFO  save_to_file     False
2024-05-27 20:30:51,999   INFO  use_tqdm_to_record False
2024-05-27 20:30:51,999   INFO  logger_iter_interval 50
2024-05-27 20:30:51,999   INFO  ckpt_save_time_interval 300
2024-05-27 20:30:51,999   INFO  wo_gpu_stat      False
2024-05-27 20:30:51,999   INFO  use_amp          False
2024-05-27 20:30:51,999   INFO  cfg.ROOT_DIR: /home/yumetaka/Projects/VoxelNeXt
2024-05-27 20:30:51,999   INFO  cfg.LOCAL_RANK: 0
2024-05-27 20:30:51,999   INFO  cfg.CLASS_NAMES: ['car', 'truck', 'construction_vehicle', 'bus', 'trailer', 'barrier', 'motorcycle', 'bicycle', 'pedestrian', 'traffic_cone']
2024-05-27 20:30:51,999   INFO  ----------- DATA_CONFIG -----------
2024-05-27 20:30:51,999   INFO  cfg.DATA_CONFIG.DATASET: NuScenesDataset
2024-05-27 20:30:51,999   INFO  cfg.DATA_CONFIG.DATA_PATH: ../data/nuscenes
2024-05-27 20:30:51,999   INFO  cfg.DATA_CONFIG.VERSION: v1.0-trainval
2024-05-27 20:30:51,999   INFO  cfg.DATA_CONFIG.MAX_SWEEPS: 10
2024-05-27 20:30:51,999   INFO  cfg.DATA_CONFIG.PRED_VELOCITY: True
2024-05-27 20:30:52,000   INFO  cfg.DATA_CONFIG.SET_NAN_VELOCITY_TO_ZEROS: True
2024-05-27 20:30:52,000   INFO  cfg.DATA_CONFIG.FILTER_MIN_POINTS_IN_GT: 1
2024-05-27 20:30:52,000   INFO  ----------- DATA_SPLIT -----------
2024-05-27 20:30:52,000   INFO  cfg.DATA_CONFIG.DATA_SPLIT.train: train
2024-05-27 20:30:52,000   INFO  cfg.DATA_CONFIG.DATA_SPLIT.test: val
2024-05-27 20:30:52,000   INFO  ----------- INFO_PATH -----------
2024-05-27 20:30:52,000   INFO  cfg.DATA_CONFIG.INFO_PATH.train: ['nuscenes_infos_10sweeps_train.pkl']
2024-05-27 20:30:52,000   INFO  cfg.DATA_CONFIG.INFO_PATH.test: ['nuscenes_infos_10sweeps_val.pkl']
2024-05-27 20:30:52,000   INFO  cfg.DATA_CONFIG.POINT_CLOUD_RANGE: [-54.0, -54.0, -5.0, 54.0, 54.0, 3.0]
2024-05-27 20:30:52,000   INFO  cfg.DATA_CONFIG.BALANCED_RESAMPLING: True
2024-05-27 20:30:52,000   INFO  ----------- DATA_AUGMENTOR -----------
2024-05-27 20:30:52,000   INFO  cfg.DATA_CONFIG.DATA_AUGMENTOR.DISABLE_AUG_LIST: ['placeholder']
2024-05-27 20:30:52,000   INFO  cfg.DATA_CONFIG.DATA_AUGMENTOR.AUG_CONFIG_LIST: [{'NAME': 'gt_sampling', 'DB_INFO_PATH': ['nuscenes_dbinfos_10sweeps_withvelo.pkl'], 'USE_SHARED_MEMORY': False, 'DB_DATA_PATH': ['nuscenes_dbinfos_10sweeps_withvelo_global.pkl.npy'], 'PREPARE': {'filter_by_min_points': ['car:5', 'truck:5', 'construction_vehicle:5', 'bus:5', 'trailer:5', 'barrier:5', 'motorcycle:5', 'bicycle:5', 'pedestrian:5', 'traffic_cone:5']}, 'SAMPLE_GROUPS': ['car:2', 'truck:2', 'construction_vehicle:2', 'bus:2', 'trailer:2', 'barrier:2', 'motorcycle:2', 'bicycle:2', 'pedestrian:2', 'traffic_cone:2'], 'NUM_POINT_FEATURES': 5, 'DATABASE_WITH_FAKELIDAR': False, 'REMOVE_EXTRA_WIDTH': [0.0, 0.0, 0.0], 'LIMIT_WHOLE_SCENE': True}, {'NAME': 'random_world_flip', 'ALONG_AXIS_LIST': ['x', 'y']}, {'NAME': 'random_world_rotation', 'WORLD_ROT_ANGLE': [-0.78539816, 0.78539816]}, {'NAME': 'random_world_scaling', 'WORLD_SCALE_RANGE': [0.9, 1.1]}, {'NAME': 'random_world_translation', 'NOISE_TRANSLATE_STD': [0.5, 0.5, 0.5]}]
2024-05-27 20:30:52,000   INFO  ----------- POINT_FEATURE_ENCODING -----------
2024-05-27 20:30:52,000   INFO  cfg.DATA_CONFIG.POINT_FEATURE_ENCODING.encoding_type: absolute_coordinates_encoding
2024-05-27 20:30:52,000   INFO  cfg.DATA_CONFIG.POINT_FEATURE_ENCODING.used_feature_list: ['x', 'y', 'z', 'intensity', 'timestamp']
2024-05-27 20:30:52,000   INFO  cfg.DATA_CONFIG.POINT_FEATURE_ENCODING.src_feature_list: ['x', 'y', 'z', 'intensity', 'timestamp']
2024-05-27 20:30:52,000   INFO  cfg.DATA_CONFIG.DATA_PROCESSOR: [{'NAME': 'mask_points_and_boxes_outside_range', 'REMOVE_OUTSIDE_BOXES': True}, {'NAME': 'shuffle_points', 'SHUFFLE_ENABLED': {'train': True, 'test': True}}, {'NAME': 'transform_points_to_voxels', 'VOXEL_SIZE': [0.075, 0.075, 0.2], 'MAX_POINTS_PER_VOXEL': 10, 'MAX_NUMBER_OF_VOXELS': {'train': 120000, 'test': 160000}}]
2024-05-27 20:30:52,000   INFO  cfg.DATA_CONFIG._BASE_CONFIG_: cfgs/dataset_configs/nuscenes_dataset.yaml
2024-05-27 20:30:52,000   INFO  ----------- MODEL -----------
2024-05-27 20:30:52,000   INFO  cfg.MODEL.NAME: VoxelNeXt
2024-05-27 20:30:52,000   INFO  ----------- VFE -----------
2024-05-27 20:30:52,000   INFO  cfg.MODEL.VFE.NAME: MeanVFE
2024-05-27 20:30:52,000   INFO  ----------- BACKBONE_3D -----------
2024-05-27 20:30:52,000   INFO  cfg.MODEL.BACKBONE_3D.NAME: VoxelResBackBone8xVoxelNeXt
2024-05-27 20:30:52,000   INFO  ----------- DENSE_HEAD -----------
2024-05-27 20:30:52,000   INFO  cfg.MODEL.DENSE_HEAD.NAME: VoxelNeXtHead
2024-05-27 20:30:52,000   INFO  cfg.MODEL.DENSE_HEAD.CLASS_AGNOSTIC: False
2024-05-27 20:30:52,000   INFO  cfg.MODEL.DENSE_HEAD.INPUT_FEATURES: 128
2024-05-27 20:30:52,000   INFO  cfg.MODEL.DENSE_HEAD.CLASS_NAMES_EACH_HEAD: [['car'], ['truck', 'construction_vehicle'], ['bus', 'trailer'], ['barrier'], ['motorcycle', 'bicycle'], ['pedestrian', 'traffic_cone']]
2024-05-27 20:30:52,000   INFO  cfg.MODEL.DENSE_HEAD.SHARED_CONV_CHANNEL: 128
2024-05-27 20:30:52,000   INFO  cfg.MODEL.DENSE_HEAD.KERNEL_SIZE_HEAD: 1
2024-05-27 20:30:52,000   INFO  cfg.MODEL.DENSE_HEAD.USE_BIAS_BEFORE_NORM: True
2024-05-27 20:30:52,001   INFO  cfg.MODEL.DENSE_HEAD.NUM_HM_CONV: 2
2024-05-27 20:30:52,001   INFO  ----------- SEPARATE_HEAD_CFG -----------
2024-05-27 20:30:52,001   INFO  cfg.MODEL.DENSE_HEAD.SEPARATE_HEAD_CFG.HEAD_ORDER: ['center', 'center_z', 'dim', 'rot', 'vel']
2024-05-27 20:30:52,001   INFO  ----------- HEAD_DICT -----------
2024-05-27 20:30:52,001   INFO  ----------- center -----------
2024-05-27 20:30:52,001   INFO  cfg.MODEL.DENSE_HEAD.SEPARATE_HEAD_CFG.HEAD_DICT.center.out_channels: 2
2024-05-27 20:30:52,001   INFO  cfg.MODEL.DENSE_HEAD.SEPARATE_HEAD_CFG.HEAD_DICT.center.num_conv: 2
2024-05-27 20:30:52,001   INFO  ----------- center_z -----------
2024-05-27 20:30:52,001   INFO  cfg.MODEL.DENSE_HEAD.SEPARATE_HEAD_CFG.HEAD_DICT.center_z.out_channels: 1
2024-05-27 20:30:52,001   INFO  cfg.MODEL.DENSE_HEAD.SEPARATE_HEAD_CFG.HEAD_DICT.center_z.num_conv: 2
2024-05-27 20:30:52,001   INFO  ----------- dim -----------
2024-05-27 20:30:52,001   INFO  cfg.MODEL.DENSE_HEAD.SEPARATE_HEAD_CFG.HEAD_DICT.dim.out_channels: 3
2024-05-27 20:30:52,001   INFO  cfg.MODEL.DENSE_HEAD.SEPARATE_HEAD_CFG.HEAD_DICT.dim.num_conv: 2
2024-05-27 20:30:52,001   INFO  ----------- rot -----------
2024-05-27 20:30:52,001   INFO  cfg.MODEL.DENSE_HEAD.SEPARATE_HEAD_CFG.HEAD_DICT.rot.out_channels: 2
2024-05-27 20:30:52,001   INFO  cfg.MODEL.DENSE_HEAD.SEPARATE_HEAD_CFG.HEAD_DICT.rot.num_conv: 2
2024-05-27 20:30:52,001   INFO  ----------- vel -----------
2024-05-27 20:30:52,001   INFO  cfg.MODEL.DENSE_HEAD.SEPARATE_HEAD_CFG.HEAD_DICT.vel.out_channels: 2
2024-05-27 20:30:52,001   INFO  cfg.MODEL.DENSE_HEAD.SEPARATE_HEAD_CFG.HEAD_DICT.vel.num_conv: 2
2024-05-27 20:30:52,001   INFO  ----------- TARGET_ASSIGNER_CONFIG -----------
2024-05-27 20:30:52,001   INFO  cfg.MODEL.DENSE_HEAD.TARGET_ASSIGNER_CONFIG.FEATURE_MAP_STRIDE: 8
2024-05-27 20:30:52,001   INFO  cfg.MODEL.DENSE_HEAD.TARGET_ASSIGNER_CONFIG.NUM_MAX_OBJS: 500
2024-05-27 20:30:52,001   INFO  cfg.MODEL.DENSE_HEAD.TARGET_ASSIGNER_CONFIG.GAUSSIAN_OVERLAP: 0.1
2024-05-27 20:30:52,001   INFO  cfg.MODEL.DENSE_HEAD.TARGET_ASSIGNER_CONFIG.MIN_RADIUS: 2
2024-05-27 20:30:52,001   INFO  ----------- LOSS_CONFIG -----------
2024-05-27 20:30:52,001   INFO  ----------- LOSS_WEIGHTS -----------
2024-05-27 20:30:52,001   INFO  cfg.MODEL.DENSE_HEAD.LOSS_CONFIG.LOSS_WEIGHTS.cls_weight: 1.0
2024-05-27 20:30:52,001   INFO  cfg.MODEL.DENSE_HEAD.LOSS_CONFIG.LOSS_WEIGHTS.loc_weight: 0.25
2024-05-27 20:30:52,001   INFO  cfg.MODEL.DENSE_HEAD.LOSS_CONFIG.LOSS_WEIGHTS.code_weights: [1.0, 1.0, 1.0, 1.0, 1.0, 1.0, 0.2, 0.2, 1.0, 1.0]
2024-05-27 20:30:52,001   INFO  ----------- POST_PROCESSING -----------
2024-05-27 20:30:52,001   INFO  cfg.MODEL.DENSE_HEAD.POST_PROCESSING.SCORE_THRESH: 0.1
2024-05-27 20:30:52,001   INFO  cfg.MODEL.DENSE_HEAD.POST_PROCESSING.POST_CENTER_LIMIT_RANGE: [-61.2, -61.2, -10.0, 61.2, 61.2, 10.0]
2024-05-27 20:30:52,001   INFO  cfg.MODEL.DENSE_HEAD.POST_PROCESSING.MAX_OBJ_PER_SAMPLE: 500
2024-05-27 20:30:52,001   INFO  ----------- NMS_CONFIG -----------
2024-05-27 20:30:52,002   INFO  cfg.MODEL.DENSE_HEAD.POST_PROCESSING.NMS_CONFIG.NMS_TYPE: nms_gpu
2024-05-27 20:30:52,002   INFO  cfg.MODEL.DENSE_HEAD.POST_PROCESSING.NMS_CONFIG.NMS_THRESH: 0.2
2024-05-27 20:30:52,002   INFO  cfg.MODEL.DENSE_HEAD.POST_PROCESSING.NMS_CONFIG.NMS_PRE_MAXSIZE: 1000
2024-05-27 20:30:52,002   INFO  cfg.MODEL.DENSE_HEAD.POST_PROCESSING.NMS_CONFIG.NMS_POST_MAXSIZE: 83
2024-05-27 20:30:52,002   INFO  ----------- POST_PROCESSING -----------
2024-05-27 20:30:52,002   INFO  cfg.MODEL.POST_PROCESSING.RECALL_THRESH_LIST: [0.3, 0.5, 0.7]
2024-05-27 20:30:52,002   INFO  cfg.MODEL.POST_PROCESSING.EVAL_METRIC: kitti
2024-05-27 20:30:52,002   INFO  ----------- OPTIMIZATION -----------
2024-05-27 20:30:52,002   INFO  cfg.OPTIMIZATION.BATCH_SIZE_PER_GPU: 4
2024-05-27 20:30:52,002   INFO  cfg.OPTIMIZATION.NUM_EPOCHS: 20
2024-05-27 20:30:52,002   INFO  cfg.OPTIMIZATION.OPTIMIZER: adam_onecycle
2024-05-27 20:30:52,002   INFO  cfg.OPTIMIZATION.LR: 0.001
2024-05-27 20:30:52,002   INFO  cfg.OPTIMIZATION.WEIGHT_DECAY: 0.01
2024-05-27 20:30:52,002   INFO  cfg.OPTIMIZATION.MOMENTUM: 0.9
2024-05-27 20:30:52,002   INFO  cfg.OPTIMIZATION.MOMS: [0.95, 0.85]
2024-05-27 20:30:52,002   INFO  cfg.OPTIMIZATION.PCT_START: 0.4
2024-05-27 20:30:52,002   INFO  cfg.OPTIMIZATION.DIV_FACTOR: 10
2024-05-27 20:30:52,002   INFO  cfg.OPTIMIZATION.DECAY_STEP_LIST: [35, 45]
2024-05-27 20:30:52,002   INFO  cfg.OPTIMIZATION.LR_DECAY: 0.1
2024-05-27 20:30:52,002   INFO  cfg.OPTIMIZATION.LR_CLIP: 1e-07
2024-05-27 20:30:52,002   INFO  cfg.OPTIMIZATION.LR_WARMUP: False
2024-05-27 20:30:52,002   INFO  cfg.OPTIMIZATION.WARMUP_EPOCH: 1
2024-05-27 20:30:52,002   INFO  cfg.OPTIMIZATION.GRAD_NORM_CLIP: 10
2024-05-27 20:30:52,002   INFO  cfg.TAG: cbgs_voxel0075_voxelnext
2024-05-27 20:30:52,002   INFO  cfg.EXP_GROUP_PATH: cfgs/nuscenes_models
2024-05-27 20:30:52,017   INFO  ----------- Create dataloader & network & optimizer -----------
